<?xml version="1.0" encoding="UTF-8"?>
<!-- Generated by org.testng.reporters.JUnitXMLReporter -->
<testsuite hostname="DESKTOP-C3843KB" ignored="2" name="FreeCrmSuit(failed)" tests="1" failures="1" timestamp="02 Jun 2020 17:24:56 GMT" time="15.96" errors="0">
  <testcase name="loginpageTitle" time="0.056" classname="com.crm.testcases.LoginTest">
    <failure type="java.lang.AssertionError" message="expected [CRMPRO  - CRM software for customer relationship management, sales, and support.] but found [CRMPRO - CRM software for customer relationship management, sales, and support.]">
      <![CDATA[java.lang.AssertionError: expected [CRMPRO  - CRM software for customer relationship management, sales, and support.] but found [CRMPRO - CRM software for customer relationship management, sales, and support.]
	at com.crm.testcases.LoginTest.loginpageTitle(LoginTest.java:38)
... Removed 31 stack frames]]>
    </failure>
  </testcase> <!-- loginpageTitle -->
  <testcase name="loginPageImagetitle" time="0.0" classname="com.crm.testcases.LoginTest">
    <ignored/>
  </testcase> <!-- loginPageImagetitle -->
  <testcase name="login" time="0.0" classname="com.crm.testcases.LoginTest">
    <ignored/>
  </testcase> <!-- login -->
</testsuite> <!-- FreeCrmSuit(failed) -->
